# JRE version: OpenJDK Runtime Environment (11.0.10) (build 11.0.10+0-b96-7249189)
# Java VM: OpenJDK 64-Bit Server VM (11.0.10+0-b96-7249189, mixed mode, tiered, compressed oops, g1 gc, windows-amd64)
Heap:
 garbage-first heap   total 708608K, used 189952K [0x0000000080000000, 0x0000000100000000)
  region size 1024K, 3 young (3072K), 3 survivors (3072K)
 Metaspace       used 144977K, capacity 148799K, committed 148992K, reserved 1179648K
  class space    used 17758K, capacity 19182K, committed 19200K, reserved 1048576K
GC Heap History (20 events):
Event: 861.351 GC heap after
{Heap after GC invocations=101 (full 0):
 garbage-first heap   total 361472K, used 137650K [0x0000000080000000, 0x0000000100000000)
  region size 1024K, 3 young (3072K), 3 survivors (3072K)
 Metaspace       used 140775K, capacity 144361K, committed 144640K, reserved 1175552K
  class space    used 17323K, capacity 18630K, committed 18688K, reserved 1048576K
}
Event: 866.692 GC heap before
{Heap before GC invocations=102 (full 0):
 garbage-first heap   total 361472K, used 283058K [0x0000000080000000, 0x0000000100000000)
  region size 1024K, 146 young (149504K), 3 survivors (3072K)
 Metaspace       used 143267K, capacity 147054K, committed 147328K, reserved 1177600K
  class space    used 17600K, capacity 18976K, committed 19072K, reserved 1048576K
}
Event: 866.883 GC heap after
{Heap after GC invocations=103 (full 0):
 garbage-first heap   total 361472K, used 145017K [0x0000000080000000, 0x0000000100000000)
  region size 1024K, 10 young (10240K), 10 survivors (10240K)
 Metaspace       used 143267K, capacity 147054K, committed 147328K, reserved 1177600K
  class space    used 17600K, capacity 18976K, committed 19072K, reserved 1048576K
}
Event: 869.361 GC heap before
{Heap before GC invocations=103 (full 0):
 garbage-first heap   total 361472K, used 277113K [0x0000000080000000, 0x0000000100000000)
  region size 1024K, 139 young (142336K), 10 survivors (10240K)
 Metaspace       used 143453K, capacity 147328K, committed 147584K, reserved 1177600K
  class space    used 17629K, capacity 19020K, committed 19072K, reserved 1048576K
}
Event: 869.410 GC heap after
{Heap after GC invocations=104 (full 0):
 garbage-first heap   total 361472K, used 144621K [0x0000000080000000, 0x0000000100000000)
  region size 1024K, 9 young (9216K), 9 survivors (9216K)
 Metaspace       used 143453K, capacity 147328K, committed 147584K, reserved 1177600K
  class space    used 17629K, capacity 19020K, committed 19072K, reserved 1048576K
}
Event: 873.378 GC heap before
{Heap before GC invocations=105 (full 0):
 garbage-first heap   total 361472K, used 290029K [0x0000000080000000, 0x0000000100000000)
  region size 1024K, 152 young (155648K), 9 survivors (9216K)
 Metaspace       used 143616K, capacity 147426K, committed 147584K, reserved 1177600K
  class space    used 17629K, capacity 19021K, committed 19072K, reserved 1048576K
}
Event: 873.483 GC heap after
{Heap after GC invocations=106 (full 0):
 garbage-first heap   total 361472K, used 143597K [0x0000000080000000, 0x0000000100000000)
  region size 1024K, 8 young (8192K), 8 survivors (8192K)
 Metaspace       used 143616K, capacity 147426K, committed 147584K, reserved 1177600K
  class space    used 17629K, capacity 19021K, committed 19072K, reserved 1048576K
}
Event: 873.712 GC heap before
{Heap before GC invocations=106 (full 0):
 garbage-first heap   total 361472K, used 150765K [0x0000000080000000, 0x0000000100000000)
  region size 1024K, 16 young (16384K), 8 survivors (8192K)
 Metaspace       used 143649K, capacity 147494K, committed 147584K, reserved 1177600K
  class space    used 17630K, capacity 19021K, committed 19072K, reserved 1048576K
}
Event: 873.831 GC heap after
{Heap after GC invocations=107 (full 0):
 garbage-first heap   total 361472K, used 144621K [0x0000000080000000, 0x0000000100000000)
  region size 1024K, 9 young (9216K), 9 survivors (9216K)
 Metaspace       used 143649K, capacity 147494K, committed 147584K, reserved 1177600K
  class space    used 17630K, capacity 19021K, committed 19072K, reserved 1048576K
}
Event: 875.733 GC heap before
{Heap before GC invocations=108 (full 0):
 garbage-first heap   total 361472K, used 150765K [0x0000000080000000, 0x0000000100000000)
  region size 1024K, 16 young (16384K), 9 survivors (9216K)
 Metaspace       used 143935K, capacity 147735K, committed 147840K, reserved 1177600K
  class space    used 17655K, capacity 19027K, committed 19072K, reserved 1048576K
}
Event: 875.748 GC heap after
{Heap after GC invocations=109 (full 0):
 garbage-first heap   total 361472K, used 140013K [0x0000000080000000, 0x0000000100000000)
  region size 1024K, 4 young (4096K), 4 survivors (4096K)
 Metaspace       used 143935K, capacity 147735K, committed 147840K, reserved 1177600K
  class space    used 17655K, capacity 19027K, committed 19072K, reserved 1048576K
}
Event: 876.611 GC heap before
{Heap before GC invocations=110 (full 0):
 garbage-first heap   total 361472K, used 146157K [0x0000000080000000, 0x0000000100000000)
  region size 1024K, 9 young (9216K), 4 survivors (4096K)
 Metaspace       used 143942K, capacity 147741K, committed 147840K, reserved 1177600K
  class space    used 17657K, capacity 19029K, committed 19072K, reserved 1048576K
}
Event: 876.628 GC heap after
{Heap after GC invocations=111 (full 0):
 garbage-first heap   total 361472K, used 145601K [0x0000000080000000, 0x0000000100000000)
  region size 1024K, 7 young (7168K), 7 survivors (7168K)
 Metaspace       used 143942K, capacity 147741K, committed 147840K, reserved 1177600K
  class space    used 17657K, capacity 19029K, committed 19072K, reserved 1048576K
}
Event: 877.432 GC heap before
{Heap before GC invocations=112 (full 0):
 garbage-first heap   total 361472K, used 148673K [0x0000000080000000, 0x0000000100000000)
  region size 1024K, 11 young (11264K), 7 survivors (7168K)
 Metaspace       used 144318K, capacity 148111K, committed 148224K, reserved 1177600K
  class space    used 17716K, capacity 19131K, committed 19200K, reserved 1048576K
}
Event: 877.448 GC heap after
{Heap after GC invocations=113 (full 0):
 garbage-first heap   total 361472K, used 147181K [0x0000000080000000, 0x0000000100000000)
  region size 1024K, 7 young (7168K), 7 survivors (7168K)
 Metaspace       used 144318K, capacity 148111K, committed 148224K, reserved 1177600K
  class space    used 17716K, capacity 19131K, committed 19200K, reserved 1048576K
}
Event: 881.122 GC heap before
{Heap before GC invocations=114 (full 0):
 garbage-first heap   total 361472K, used 266989K [0x0000000080000000, 0x0000000100000000)
  region size 1024K, 117 young (119808K), 7 survivors (7168K)
 Metaspace       used 144954K, capacity 148793K, committed 148992K, reserved 1179648K
  class space    used 17758K, capacity 19181K, committed 19200K, reserved 1048576K
}
Event: 881.826 GC heap after
{Heap after GC invocations=115 (full 0):
 garbage-first heap   total 361472K, used 183665K [0x0000000080000000, 0x0000000100000000)
  region size 1024K, 15 young (15360K), 15 survivors (15360K)
 Metaspace       used 144954K, capacity 148793K, committed 148992K, reserved 1179648K
  class space    used 17758K, capacity 19181K, committed 19200K, reserved 1048576K
}
Event: 882.135 GC heap before
{Heap before GC invocations=115 (full 0):
 garbage-first heap   total 361472K, used 191857K [0x0000000080000000, 0x0000000100000000)
  region size 1024K, 23 young (23552K), 15 survivors (15360K)
 Metaspace       used 144964K, capacity 148793K, committed 148992K, reserved 1179648K
  class space    used 17758K, capacity 19181K, committed 19200K, reserved 1048576K
}
Event: 882.651 GC heap after
{Heap after GC invocations=116 (full 0):
 garbage-first heap   total 361472K, used 185856K [0x0000000080000000, 0x0000000100000000)
  region size 1024K, 2 young (2048K), 2 survivors (2048K)
 Metaspace       used 144964K, capacity 148793K, committed 148992K, reserved 1179648K
  class space    used 17758K, capacity 19181K, committed 19200K, reserved 1048576K
}
Event: 883.378 GC heap before
{Heap before GC invocations=116 (full 0):
 garbage-first heap   total 361472K, used 202240K [0x0000000080000000, 0x0000000100000000)
  region size 1024K, 17 young (17408K), 2 survivors (2048K)
 Metaspace       used 144977K, capacity 148799K, committed 148992K, reserved 1179648K
  class space    used 17758K, capacity 19182K, committed 19200K, reserved 1048576K
}

